<?xml version="1.0" encoding="UTF-8"?>
<!-- Generated by org.testng.reporters.JUnitReportReporter -->
<testsuite hostname="Shraddha-PC" failures="0" tests="1" name="com.jsp.tests.WindowChild" time="45.148" errors="0" timestamp="25 Jun 2022 19:14:16 GMT" skipped="0">
  <testcase classname="com.jsp.tests.WindowChild" name="verifyChildWindow" time="45.148"/>
</testsuite> <!-- com.jsp.tests.WindowChild -->
