<?xml version="1.0" encoding="UTF-8"?>
<!-- Generated by org.testng.reporters.JUnitReportReporter -->
<testsuite hostname="Shraddha-PC" failures="0" tests="2" name="com.jsp.tests.RadioCheckbox" time="165.126" errors="0" timestamp="25 Jun 2022 19:14:17 GMT" skipped="0">
  <testcase classname="com.jsp.tests.RadioCheckbox" name="verifyRadiobtn" time="69.266"/>
  <testcase classname="com.jsp.tests.RadioCheckbox" name="verifyCheckbox" time="95.860"/>
</testsuite> <!-- com.jsp.tests.RadioCheckbox -->
