<?xml version="1.0" encoding="UTF-8"?>
<!-- Generated by org.testng.reporters.JUnitReportReporter -->
<testsuite hostname="Shraddha-PC" failures="0" tests="1" name="com.jsp.tests.BrokenLinksTest" time="25.381" errors="0" timestamp="25 Jun 2022 19:14:18 GMT" skipped="0">
  <testcase classname="com.jsp.tests.BrokenLinksTest" name="getLinks" time="25.381"/>
</testsuite> <!-- com.jsp.tests.BrokenLinksTest -->
