<?xml version="1.0" encoding="UTF-8"?>
<!-- Generated by org.testng.reporters.JUnitReportReporter -->
<testsuite hostname="Shraddha-PC" failures="0" tests="1" name="com.jsp.tests.ElementSpecificCmd" time="14.048" errors="0" timestamp="25 Jun 2022 19:14:17 GMT" skipped="0">
  <testcase classname="com.jsp.tests.ElementSpecificCmd" name="elementSpecificCmd" time="14.048"/>
</testsuite> <!-- com.jsp.tests.ElementSpecificCmd -->
