<?xml version="1.0" encoding="UTF-8"?>
<!-- Generated by org.testng.reporters.JUnitReportReporter -->
<testsuite hostname="Shraddha-PC" failures="0" tests="1" name="com.jsp.tests.DynamicWebTable2" time="18.739" errors="0" timestamp="25 Jun 2022 19:14:17 GMT" skipped="0">
  <testcase classname="com.jsp.tests.DynamicWebTable2" name="dynamicWebTable3" time="18.739"/>
</testsuite> <!-- com.jsp.tests.DynamicWebTable2 -->
