<?xml version="1.0" encoding="UTF-8"?>
<!-- Generated by org.testng.reporters.JUnitReportReporter -->
<testsuite hostname="Shraddha-PC" failures="0" tests="1" name="com.jsp.tests.AshotTest1" time="95.888" errors="0" timestamp="02 Mar 2022 19:06:51 GMT" skipped="0">
  <testcase classname="com.jsp.tests.AshotTest1" name="ashotTest1" time="95.888"/>
</testsuite> <!-- com.jsp.tests.AshotTest1 -->
