<?xml version="1.0" encoding="UTF-8"?>
<!-- Generated by org.testng.reporters.JUnitReportReporter -->
<testsuite hostname="Shraddha-PC" failures="0" tests="1" name="com.jsp.assignments.CheckBoxTest" time="183.485" errors="0" timestamp="25 Jun 2022 19:14:18 GMT" skipped="0">
  <testcase classname="com.jsp.assignments.CheckBoxTest" name="checkBoxTest" time="183.485"/>
</testsuite> <!-- com.jsp.assignments.CheckBoxTest -->
