<?xml version="1.0" encoding="UTF-8"?>
<!-- Generated by org.testng.reporters.JUnitReportReporter -->
<testsuite hostname="Shraddha-PC" failures="0" tests="1" name="com.jsp.tests.BrowserSpecificCmd" time="35.249" errors="0" timestamp="25 Jun 2022 19:14:17 GMT" skipped="0">
  <testcase classname="com.jsp.tests.BrowserSpecificCmd" name="browserSpecificCommands" time="35.249"/>
</testsuite> <!-- com.jsp.tests.BrowserSpecificCmd -->
