<?xml version="1.0" encoding="UTF-8"?>
<!-- Generated by org.testng.reporters.JUnitReportReporter -->
<testsuite hostname="Shraddha-PC" failures="0" tests="5" name="com.jsp.tests.Waits" time="43.831" errors="0" timestamp="25 Jun 2022 19:14:17 GMT" skipped="4">
  <testcase classname="com.jsp.tests.Waits" name="threadSleepDemo6" time="43.831"/>
  <testcase classname="com.jsp.tests.Waits" name="fluentwaitDemo4">
    <skipped/>
  </testcase> <!-- fluentwaitDemo4 -->
  <testcase classname="com.jsp.tests.Waits" name="pageLoadTimeoutDemo5">
    <skipped/>
  </testcase> <!-- pageLoadTimeoutDemo5 -->
  <testcase classname="com.jsp.tests.Waits" name="implicitwaitDemo2">
    <skipped/>
  </testcase> <!-- implicitwaitDemo2 -->
  <testcase classname="com.jsp.tests.Waits" name="explicitwaitDemo3">
    <skipped/>
  </testcase> <!-- explicitwaitDemo3 -->
</testsuite> <!-- com.jsp.tests.Waits -->
