<?xml version="1.0" encoding="UTF-8"?>
<!-- Generated by org.testng.reporters.JUnitReportReporter -->
<testsuite hostname="Shraddha-PC" failures="0" tests="1" name="com.jsp.tests.ExcelPOI" time="60.354" errors="0" timestamp="25 Jun 2022 19:14:18 GMT" skipped="0">
  <testcase classname="com.jsp.tests.ExcelPOI" name="excelFileRead" time="60.354"/>
</testsuite> <!-- com.jsp.tests.ExcelPOI -->
