<?xml version="1.0" encoding="UTF-8"?>
<!-- Generated by org.testng.reporters.JUnitReportReporter -->
<testsuite hostname="Shraddha-PC" failures="0" tests="1" name="com.jsp.tests.GetBrowserName" time="26.169" errors="0" timestamp="25 Jun 2022 19:14:18 GMT" skipped="0">
  <testcase classname="com.jsp.tests.GetBrowserName" name="GetBrowserName" time="26.169"/>
</testsuite> <!-- com.jsp.tests.GetBrowserName -->
