<?xml version="1.0" encoding="UTF-8"?>
<!-- Generated by org.testng.reporters.JUnitReportReporter -->
<testsuite hostname="Shraddha-PC" failures="0" tests="1" name="com.jsp.tests.HeadlessBrowsingChrome" time="6.419" errors="0" timestamp="19 Feb 2022 13:16:27 GMT" skipped="0">
  <testcase classname="com.jsp.tests.HeadlessBrowsingChrome" name="chromeHeadlessBrowsing" time="6.419"/>
</testsuite> <!-- com.jsp.tests.HeadlessBrowsingChrome -->
