<?xml version="1.0" encoding="UTF-8"?>
<!-- Generated by org.testng.reporters.JUnitReportReporter -->
<testsuite hostname="Shraddha-PC" failures="0" tests="1" name="com.jsp.tests.WindowChild" time="22.077" errors="0" timestamp="25 Feb 2022 18:54:13 GMT" skipped="0">
  <testcase classname="com.jsp.tests.WindowChild" name="verifyWindowClose" time="22.077"/>
</testsuite> <!-- com.jsp.tests.WindowChild -->
