<?xml version="1.0" encoding="UTF-8"?>
<!-- Generated by org.testng.reporters.JUnitReportReporter -->
<testsuite hostname="Shraddha-PC" failures="0" tests="3" name="com.jsp.tests.FileUploadSendKeys" time="50.070" errors="0" timestamp="25 Jun 2022 19:14:18 GMT" skipped="2">
  <testcase classname="com.jsp.tests.FileUploadSendKeys" name="fileUpload3" time="50.070"/>
  <testcase classname="com.jsp.tests.FileUploadSendKeys" name="fileUpload2">
    <skipped/>
  </testcase> <!-- fileUpload2 -->
  <testcase classname="com.jsp.tests.FileUploadSendKeys" name="fileUpload">
    <skipped/>
  </testcase> <!-- fileUpload -->
</testsuite> <!-- com.jsp.tests.FileUploadSendKeys -->
