<?xml version="1.0" encoding="UTF-8"?>
<!-- Generated by org.testng.reporters.JUnitReportReporter -->
<testsuite hostname="Shraddha-PC" failures="0" tests="1" name="com.jsp.tests.DropDownDemo" time="74.491" errors="0" timestamp="25 Jun 2022 19:14:17 GMT" skipped="0">
  <testcase classname="com.jsp.tests.DropDownDemo" name="dropDownDemo" time="74.491"/>
</testsuite> <!-- com.jsp.tests.DropDownDemo -->
