<?xml version="1.0" encoding="UTF-8"?>
<!-- Generated by org.testng.reporters.JUnitReportReporter -->
<testsuite hostname="Shraddha-PC" failures="0" tests="1" name="com.jsp.tests.HighlightElementJS" time="14.231" errors="0" timestamp="25 Jun 2022 19:14:17 GMT" skipped="0">
  <testcase classname="com.jsp.tests.HighlightElementJS" name="highlightElementJS" time="14.231"/>
</testsuite> <!-- com.jsp.tests.HighlightElementJS -->
