<?xml version="1.0" encoding="UTF-8"?>
<!-- Generated by org.testng.reporters.JUnitReportReporter -->
<testsuite hostname="Shraddha-PC" failures="0" tests="1" name="com.jsp.tests.WindowMultipleChild" time="16.176" errors="0" timestamp="25 Jun 2022 19:14:17 GMT" skipped="0">
  <testcase classname="com.jsp.tests.WindowMultipleChild" name="verifyMultipleWindows" time="16.176"/>
</testsuite> <!-- com.jsp.tests.WindowMultipleChild -->
