<?xml version="1.0" encoding="UTF-8"?>
<!-- Generated by org.testng.reporters.JUnitReportReporter -->
<testsuite hostname="Shraddha-PC" failures="0" tests="2" name="com.jsp.tests.ActiveElement" time="33.673" errors="0" timestamp="25 Jun 2022 19:14:17 GMT" skipped="0">
  <testcase classname="com.jsp.tests.ActiveElement" name="verifyActiveElement2" time="16.435"/>
  <testcase classname="com.jsp.tests.ActiveElement" name="verifyActiveElement1" time="17.238"/>
</testsuite> <!-- com.jsp.tests.ActiveElement -->
