<?xml version="1.0" encoding="UTF-8"?>
<!-- Generated by org.testng.reporters.JUnitReportReporter -->
<testsuite hostname="Shraddha-PC" failures="0" tests="1" name="com.jsp.tests.FileUpload" time="24.382" errors="0" timestamp="21 Feb 2022 15:20:18 GMT" skipped="0">
  <testcase classname="com.jsp.tests.FileUpload" name="fileUpload2" time="24.382"/>
</testsuite> <!-- com.jsp.tests.FileUpload -->
