<?xml version="1.0" encoding="UTF-8"?>
<!-- Generated by org.testng.reporters.JUnitReportReporter -->
<testsuite hostname="Shraddha-PC" failures="0" tests="1" name="com.jsp.tests.HeadlessBrowsing" time="5.075" errors="0" timestamp="15 Feb 2022 20:13:47 GMT" skipped="0">
  <testcase classname="com.jsp.tests.HeadlessBrowsing" name="testHeadlessBrowser" time="5.075"/>
</testsuite> <!-- com.jsp.tests.HeadlessBrowsing -->
