<?xml version="1.0" encoding="UTF-8"?>
<!-- Generated by org.testng.reporters.JUnitReportReporter -->
<testsuite hostname="Shraddha-PC" failures="0" tests="1" name="com.jsp.tests.AshotTest2" time="11.216" errors="0" timestamp="02 Mar 2022 19:15:23 GMT" skipped="0">
  <testcase classname="com.jsp.tests.AshotTest2" name="ashotTest2" time="11.216"/>
</testsuite> <!-- com.jsp.tests.AshotTest2 -->
