<?xml version="1.0" encoding="UTF-8"?>
<!-- Generated by org.testng.reporters.JUnitReportReporter -->
<testsuite hostname="Shraddha-PC" failures="0" tests="1" name="com.jsp.tests.OpenNewTab" time="28.020" errors="0" timestamp="25 Feb 2022 20:05:49 GMT" skipped="0">
  <testcase classname="com.jsp.tests.OpenNewTab" name="openNewTab" time="28.020"/>
</testsuite> <!-- com.jsp.tests.OpenNewTab -->
