<?xml version="1.0" encoding="UTF-8"?>
<!-- Generated by org.testng.reporters.JUnitReportReporter -->
<testsuite hostname="Shraddha-PC" failures="0" tests="1" name="com.jsp.tests.HeadlessBrowsingFirefox" time="23.410" errors="0" timestamp="16 Feb 2022 16:32:20 GMT" skipped="0">
  <testcase classname="com.jsp.tests.HeadlessBrowsingFirefox" name="firefoxHeadlessBrowsing" time="23.410"/>
</testsuite> <!-- com.jsp.tests.HeadlessBrowsingFirefox -->
