<?xml version="1.0" encoding="UTF-8"?>
<!-- Generated by org.testng.reporters.JUnitReportReporter -->
<testsuite hostname="Shraddha-PC" failures="0" tests="1" name="com.jsp.tests.AutoSuggestionList" time="67.450" errors="0" timestamp="25 Jun 2022 19:14:18 GMT" skipped="0">
  <testcase classname="com.jsp.tests.AutoSuggestionList" name="autoSuggestion2" time="67.450"/>
</testsuite> <!-- com.jsp.tests.AutoSuggestionList -->
